[2016-08-30 00:27:07.157] [ERROR] siteName - server error { TypeError: G:\work\koa_project\view\index.html:3
    1| 扶뒬못
    2| 
 >> 3| <%= data[0].address %>

Cannot read property 'address' of undefined
    at eval (eval at compile (G:\work\koa_project\node_modules\koa-ejs\node_modules\ejs\lib\ejs.js:495:12), <anonymous>:11:30)
    at returnedFn (G:\work\koa_project\node_modules\koa-ejs\node_modules\ejs\lib\ejs.js:524:17)
    at render (G:\work\koa_project\node_modules\koa-ejs\index.js:89:15)
    at next (<anonymous>)
    at Object.app.context.render (G:\work\koa_project\node_modules\koa-ejs\index.js:98:23)
    at next (<anonymous>)
    at onFulfilled (G:\work\koa_project\node_modules\koa\node_modules\co\index.js:65:19) path: 'G:\\work\\koa_project\\view\\index.html' } { request: 
   { method: 'GET',
     url: '/',
     header: 
      { host: 'localhost:3000',
        connection: 'keep-alive',
        'cache-control': 'max-age=0',
        accept: 'text/html,application/xhtml+xml,application/xml;q=0.9,image/webp,*/*;q=0.8',
        'upgrade-insecure-requests': '1',
        'user-agent': 'Mozilla/5.0 (Windows NT 6.1; WOW64) AppleWebKit/537.36 (KHTML, like Gecko) Chrome/44.0.2403.107 Safari/537.36',
        'accept-encoding': 'gzip, deflate, sdch',
        'accept-language': 'zh-CN,zh;q=0.8,en;q=0.6' } },
  response: { status: 404, message: 'Not Found', header: {} },
  app: { subdomainOffset: 2, proxy: false, env: 'development' },
  originalUrl: '/',
  req: '<original node req>',
  res: '<original node res>',
  socket: '<original node socket>' }
[2016-08-30 00:27:40.195] [ERROR] siteName - server error { TypeError: G:\work\koa_project\view\index.html:3
    1| 扶뒬못
    2| 
 >> 3| <%= data[0].address %>

Cannot read property 'address' of undefined
    at eval (eval at compile (G:\work\koa_project\node_modules\koa-ejs\node_modules\ejs\lib\ejs.js:495:12), <anonymous>:11:30)
    at returnedFn (G:\work\koa_project\node_modules\koa-ejs\node_modules\ejs\lib\ejs.js:524:17)
    at render (G:\work\koa_project\node_modules\koa-ejs\index.js:89:15)
    at next (<anonymous>)
    at Object.app.context.render (G:\work\koa_project\node_modules\koa-ejs\index.js:98:23)
    at next (<anonymous>)
    at onFulfilled (G:\work\koa_project\node_modules\koa\node_modules\co\index.js:65:19) path: 'G:\\work\\koa_project\\view\\index.html' } { request: 
   { method: 'GET',
     url: '/',
     header: 
      { host: 'localhost:3000',
        connection: 'keep-alive',
        'cache-control': 'max-age=0',
        accept: 'text/html,application/xhtml+xml,application/xml;q=0.9,image/webp,*/*;q=0.8',
        'upgrade-insecure-requests': '1',
        'user-agent': 'Mozilla/5.0 (Windows NT 6.1; WOW64) AppleWebKit/537.36 (KHTML, like Gecko) Chrome/44.0.2403.107 Safari/537.36',
        'accept-encoding': 'gzip, deflate, sdch',
        'accept-language': 'zh-CN,zh;q=0.8,en;q=0.6' } },
  response: { status: 404, message: 'Not Found', header: {} },
  app: { subdomainOffset: 2, proxy: false, env: 'development' },
  originalUrl: '/',
  req: '<original node req>',
  res: '<original node res>',
  socket: '<original node socket>' }
